[debug] [2019-01-22T11:58:39.108Z] ----------------------------------------------------------------------
[debug] [2019-01-22T11:58:39.110Z] Command:       /usr/local/bin/node /usr/local/bin/firebase init
[debug] [2019-01-22T11:58:39.111Z] CLI Version:   6.3.0
[debug] [2019-01-22T11:58:39.111Z] Platform:      darwin
[debug] [2019-01-22T11:58:39.111Z] Node Version:  v11.7.0
[debug] [2019-01-22T11:58:39.112Z] Time:          Tue Jan 22 2019 12:58:39 GMT+0100 (GMT+01:00)
[debug] [2019-01-22T11:58:39.112Z] ----------------------------------------------------------------------
[debug] 
[debug] [2019-01-22T11:58:39.122Z] > command requires scopes: ["email","openid","https://www.googleapis.com/auth/cloudplatformprojects.readonly","https://www.googleapis.com/auth/firebase","https://www.googleapis.com/auth/cloud-platform"]
[debug] [2019-01-22T11:58:39.125Z] > authorizing via signed-in user
[info] 
     ######## #### ########  ######## ########     ###     ######  ########
     ##        ##  ##     ## ##       ##     ##  ##   ##  ##       ##
     ######    ##  ########  ######   ########  #########  ######  ######
     ##        ##  ##    ##  ##       ##     ## ##     ##       ## ##
     ##       #### ##     ## ######## ########  ##     ##  ######  ########

You're about to initialize a Firebase project in this directory:

  /Users/denisabedinaj

Before we get started, keep in mind:

  * You are initializing in an existing Firebase project directory

[info] 
=== Project Setup
[info] 
[info] First, let's associate this project directory with a Firebase project.
[info] You can create multiple project aliases by running firebase use --add, 
[info] but for now we'll just set up a default project.
[info] 
[info] i  .firebaserc already has a default project, skipping
[info] 
=== Hosting Setup
[info] 
[info] Your public directory is the folder (relative to your project directory) that
[info] will contain Hosting assets to be uploaded with firebase deploy. If you
[info] have a build process for your assets, use your build's output directory.
[info] 
